<?xml version="1.0" encoding="UTF-8"?>
<!-- Generated by org.testng.reporters.JUnitReportReporter -->
<testsuite hostname="DESKTOP-T7QCDAB" failures="0" tests="1" name="com.justdial.testcases.HomePageTest" time="27.537" errors="0" timestamp="2022-11-18T16:30:29 IST" skipped="0">
  <testcase classname="com.justdial.testcases.HomePageTest" name="empdetails" time="27.537"/>
  <system-out/>
</testsuite> <!-- com.justdial.testcases.HomePageTest -->
